<?xml version="1.0" encoding="UTF-8"?>
<!-- Generated by org.testng.reporters.JUnitReportReporter -->
<testsuite hostname="Efosas-Air" failures="0" tests="1" name="tests.LoginTests" time="7.533" errors="0" timestamp="2021-05-05T21:44:45 BST" skipped="0">
  <testcase classname="tests.LoginTests" name="loginWithValidUsernameAndPassword" time="7.533"/>
  <system-out/>
</testsuite> <!-- tests.LoginTests -->
