<?xml version="1.0" encoding="UTF-8"?>
<!-- Generated by org.testng.reporters.JUnitReportReporter -->
<testsuite hostname="Efosas-Air" failures="0" tests="1" name="tests.HomepageTests" time="14.741" errors="0" timestamp="2021-05-03T22:33:05 BST" skipped="0">
  <testcase classname="tests.HomepageTests" name="verifyItemsCanBeAddedToBasket" time="14.741"/>
  <system-out/>
</testsuite> <!-- tests.HomepageTests -->
