<?xml version="1.0" encoding="UTF-8"?>
<!-- Generated by org.testng.reporters.JUnitReportReporter -->
<testsuite hostname="Efosas-Air" failures="0" tests="2" name="tests.LoginTests" time="11.238" errors="0" timestamp="2021-05-03T21:34:00 BST" skipped="0">
  <testcase classname="tests.LoginTests" name="loginWithValidUsernameAndPassword" time="6.663"/>
  <system-out/>
  <testcase classname="tests.LoginTests" name="loginAsALockedUser" time="4.575"/>
  <system-out/>
</testsuite> <!-- tests.LoginTests -->
